Simulation begun at: Sun Jun 20 16:04:18 2021
Procrystal Monte Carlo
Written By: David OM, Wilson Group, 2019
------------------------------------------------------------
Reading input file parameters
    Reading procrystal parameters
        Lattice type: sq
        Node coordination: 3
        Random links selected
        Lattice dimension: 40
        Fraction N+1: 0.00000000
        Fraction N+1 Ordered: 1.00000000
        Fraction N-1: 0.00000000
        Fraction N-1 Ordered: 1.00000000
        Control N-1 Linear? 0
        Fraction N-1 (2) Linear: 0.10000000
        Use a predetermined lattice configuration?: 0
        Predetermined lattice configuration: to_run_fixed_list_11
        Output Folder for python: 1
    Reading Monte Carlo parameters
        Random seed:  0
        Temperature:  0.10000000
        Samples:  10
        MC Switch:  1
        Maximum Trial Attempts  1000
    Reading output parameters
        Output style:  0
        Output prefix:  example
        Write samples:  1
        Write clusters:  0
        Calculate and write RDFs:  0
        RDF delta:  0.02000000
        Calculate and write structure factor:  0
        Sk delta  0.01000000
        Sk max n  32766
------------------------------------------------------------
Procrystal Generation - Monte Carlo
    Sample 0 generated in 10 iterations
------------------------------------------------------------
Duration: 0.35000000 minutes
